{"name": "Открытие раздела 'Спорт'", "status": "broken", "statusDetails": {"message": "selenium.common.exceptions.TimeoutException: Message: \nStacktrace:\nRemoteError@chrome://remote/content/shared/RemoteError.sys.mjs:8:8\nWebDriverError@chrome://remote/content/shared/webdriver/Errors.sys.mjs:199:5\nNoSuchElementError@chrome://remote/content/shared/webdriver/Errors.sys.mjs:552:5\ndom.find/</<@chrome://remote/content/shared/DOM.sys.mjs:136:16", "trace": "self = <tests.test_ui.TestKinopoiskUI object at 0x000001777D03EE90>\n\n    @allure.story(\"Навигация\")\n    @allure.title(\"Открытие раздела 'Спорт'\")\n    def test_open_sport(self):\n        with allure.step(\"Открытие главной страницы\"):\n            self.main_page.open()\n        with allure.step(\"Переход по ссылке 'Спорт'\"):\n>           self.main_page.open_sport()\n\ntests\\test_ui.py:29: \n_ _ _ _ _ _ _ _ _ _ _ _ _ _ _ _ _ _ _ _ _ _ _ _ _ _ _ _ _ _ _ _ _ _ _ _ _ _ _ _ _ _ _ _ _ _ _ _ _ _ _ _ _ _ _ _ _ _ _ _ _ _ _ _ _ _ _ _ _ _ _ _ _ _ _ _ _ _ _ _ _ _ _ _ _\npages\\main_page.py:39: in open_sport\n    self.click(sport_link)\npages\\base_page.py:27: in click\n    element = self.wait.until(EC.element_to_be_clickable(locator))\n_ _ _ _ _ _ _ _ _ _ _ _ _ _ _ _ _ _ _ _ _ _ _ _ _ _ _ _ _ _ _ _ _ _ _ _ _ _ _ _ _ _ _ _ _ _ _ _ _ _ _ _ _ _ _ _ _ _ _ _ _ _ _ _ _ _ _ _ _ _ _ _ _ _ _ _ _ _ _ _ _ _ _ _ _\n\nself = <selenium.webdriver.support.wait.WebDriverWait (session=\"63f8227a-e16e-40d6-8e64-010ff041cb6d\")>\nmethod = <function element_to_be_clickable.<locals>._predicate at 0x000001777D0CEAC0>, message = ''\n\n    def until(self, method: Callable[[D], Union[Literal[False], T]], message: str = \"\") -> T:\n        \"\"\"Wait until the method returns a value that is not False.\n    \n        Calls the method provided with the driver as an argument until the\n        return value does not evaluate to ``False``.\n    \n        Parameters:\n        -----------\n        method: callable(WebDriver)\n            - A callable object that takes a WebDriver instance as an argument.\n    \n        message: str\n            - Optional message for :exc:`TimeoutException`\n    \n        Return:\n        -------\n        object: T\n            - The result of the last call to `method`\n    \n        Raises:\n        -------\n        TimeoutException\n            - If 'method' does not return a truthy value within the WebDriverWait\n            object's timeout\n    \n        Example:\n        --------\n        >>> from selenium.webdriver.common.by import By\n        >>> from selenium.webdriver.support.ui import WebDriverWait\n        >>> from selenium.webdriver.support import expected_conditions as EC\n    \n        # Wait until an element is visible on the page\n        >>> wait = WebDriverWait(driver, 10)\n        >>> element = wait.until(EC.visibility_of_element_located((By.ID, \"exampleId\")))\n        >>> print(element.text)\n        \"\"\"\n        screen = None\n        stacktrace = None\n    \n        end_time = time.monotonic() + self._timeout\n        while True:\n            try:\n                value = method(self._driver)\n                if value:\n                    return value\n            except self._ignored_exceptions as exc:\n                screen = getattr(exc, \"screen\", None)\n                stacktrace = getattr(exc, \"stacktrace\", None)\n            if time.monotonic() > end_time:\n                break\n            time.sleep(self._poll)\n>       raise TimeoutException(message, screen, stacktrace)\nE       selenium.common.exceptions.TimeoutException: Message: \nE       Stacktrace:\nE       RemoteError@chrome://remote/content/shared/RemoteError.sys.mjs:8:8\nE       WebDriverError@chrome://remote/content/shared/webdriver/Errors.sys.mjs:199:5\nE       NoSuchElementError@chrome://remote/content/shared/webdriver/Errors.sys.mjs:552:5\nE       dom.find/</<@chrome://remote/content/shared/DOM.sys.mjs:136:16\n\nC:\\Users\\ASUS\\AppData\\Local\\Programs\\Python\\Python313\\Lib\\site-packages\\selenium\\webdriver\\support\\wait.py:146: TimeoutException"}, "steps": [{"name": "Открытие главной страницы", "status": "passed", "steps": [{"name": "Открытие страницы ''", "status": "passed", "steps": [{"name": "Ожидание загрузки страницы", "status": "passed", "parameters": [{"name": "expected_url_part", "value": "None"}], "start": 1744543032006, "stop": 1744543032058}], "parameters": [{"name": "url", "value": "''"}], "start": 1744543031154, "stop": 1744543032058}], "start": 1744543031154, "stop": 1744543032058}, {"name": "Переход по ссылке 'Спорт'", "status": "broken", "statusDetails": {"message": "selenium.common.exceptions.TimeoutException: Message: \nStacktrace:\nRemoteError@chrome://remote/content/shared/RemoteError.sys.mjs:8:8\nWebDriverError@chrome://remote/content/shared/webdriver/Errors.sys.mjs:199:5\nNoSuchElementError@chrome://remote/content/shared/webdriver/Errors.sys.mjs:552:5\ndom.find/</<@chrome://remote/content/shared/DOM.sys.mjs:136:16\n\n", "trace": "  File \"C:\\Users\\ASUS\\Desktop\\HW\\SkyPro\\coursework\\Kurs5\\kurs5\\kurs5\\kinopoisk_autotests\\tests\\test_ui.py\", line 29, in test_open_sport\n    self.main_page.open_sport()\n    ~~~~~~~~~~~~~~~~~~~~~~~~~^^\n  File \"C:\\Users\\ASUS\\AppData\\Local\\Programs\\Python\\Python313\\Lib\\site-packages\\allure_commons\\_allure.py\", line 202, in impl\n    return func(*a, **kw)\n  File \"C:\\Users\\ASUS\\Desktop\\HW\\SkyPro\\coursework\\Kurs5\\kurs5\\kurs5\\kinopoisk_autotests\\pages\\main_page.py\", line 39, in open_sport\n    self.click(sport_link)\n    ~~~~~~~~~~^^^^^^^^^^^^\n  File \"C:\\Users\\ASUS\\AppData\\Local\\Programs\\Python\\Python313\\Lib\\site-packages\\allure_commons\\_allure.py\", line 202, in impl\n    return func(*a, **kw)\n  File \"C:\\Users\\ASUS\\Desktop\\HW\\SkyPro\\coursework\\Kurs5\\kurs5\\kurs5\\kinopoisk_autotests\\pages\\base_page.py\", line 27, in click\n    element = self.wait.until(EC.element_to_be_clickable(locator))\n  File \"C:\\Users\\ASUS\\AppData\\Local\\Programs\\Python\\Python313\\Lib\\site-packages\\selenium\\webdriver\\support\\wait.py\", line 146, in until\n    raise TimeoutException(message, screen, stacktrace)\n"}, "steps": [{"name": "Переход на страницу 'Спорт'", "status": "broken", "statusDetails": {"message": "selenium.common.exceptions.TimeoutException: Message: \nStacktrace:\nRemoteError@chrome://remote/content/shared/RemoteError.sys.mjs:8:8\nWebDriverError@chrome://remote/content/shared/webdriver/Errors.sys.mjs:199:5\nNoSuchElementError@chrome://remote/content/shared/webdriver/Errors.sys.mjs:552:5\ndom.find/</<@chrome://remote/content/shared/DOM.sys.mjs:136:16\n\n", "trace": "  File \"C:\\Users\\ASUS\\AppData\\Local\\Programs\\Python\\Python313\\Lib\\site-packages\\allure_commons\\_allure.py\", line 202, in impl\n    return func(*a, **kw)\n  File \"C:\\Users\\ASUS\\Desktop\\HW\\SkyPro\\coursework\\Kurs5\\kurs5\\kurs5\\kinopoisk_autotests\\pages\\main_page.py\", line 39, in open_sport\n    self.click(sport_link)\n    ~~~~~~~~~~^^^^^^^^^^^^\n  File \"C:\\Users\\ASUS\\AppData\\Local\\Programs\\Python\\Python313\\Lib\\site-packages\\allure_commons\\_allure.py\", line 202, in impl\n    return func(*a, **kw)\n  File \"C:\\Users\\ASUS\\Desktop\\HW\\SkyPro\\coursework\\Kurs5\\kurs5\\kurs5\\kinopoisk_autotests\\pages\\base_page.py\", line 27, in click\n    element = self.wait.until(EC.element_to_be_clickable(locator))\n  File \"C:\\Users\\ASUS\\AppData\\Local\\Programs\\Python\\Python313\\Lib\\site-packages\\selenium\\webdriver\\support\\wait.py\", line 146, in until\n    raise TimeoutException(message, screen, stacktrace)\n"}, "steps": [{"name": "Клик по элементу ('xpath', \"//a[contains(text(), 'Спорт')]\")", "status": "broken", "statusDetails": {"message": "selenium.common.exceptions.TimeoutException: Message: \nStacktrace:\nRemoteError@chrome://remote/content/shared/RemoteError.sys.mjs:8:8\nWebDriverError@chrome://remote/content/shared/webdriver/Errors.sys.mjs:199:5\nNoSuchElementError@chrome://remote/content/shared/webdriver/Errors.sys.mjs:552:5\ndom.find/</<@chrome://remote/content/shared/DOM.sys.mjs:136:16\n\n", "trace": "  File \"C:\\Users\\ASUS\\AppData\\Local\\Programs\\Python\\Python313\\Lib\\site-packages\\allure_commons\\_allure.py\", line 202, in impl\n    return func(*a, **kw)\n  File \"C:\\Users\\ASUS\\Desktop\\HW\\SkyPro\\coursework\\Kurs5\\kurs5\\kurs5\\kinopoisk_autotests\\pages\\base_page.py\", line 27, in click\n    element = self.wait.until(EC.element_to_be_clickable(locator))\n  File \"C:\\Users\\ASUS\\AppData\\Local\\Programs\\Python\\Python313\\Lib\\site-packages\\selenium\\webdriver\\support\\wait.py\", line 146, in until\n    raise TimeoutException(message, screen, stacktrace)\n"}, "parameters": [{"name": "locator", "value": "('xpath', \"//a[contains(text(), 'Спорт')]\")"}], "start": 1744543032059, "stop": 1744543052232}], "start": 1744543032059, "stop": 1744543052232}], "start": 1744543032059, "stop": 1744543052233}], "start": 1744543031154, "stop": 1744543052234, "uuid": "0fce41f4-4617-496d-a893-453df611e8dc", "historyId": "a4da0eeeb365746e99d4dc42207f54bf", "testCaseId": "a4da0eeeb365746e99d4dc42207f54bf", "fullName": "tests.test_ui.TestKinopoiskUI#test_open_sport", "labels": [{"name": "story", "value": "Навигация"}, {"name": "feature", "value": "UI Тесты Кинопоиска"}, {"name": "parentSuite", "value": "tests"}, {"name": "suite", "value": "test_ui"}, {"name": "subSuite", "value": "TestKinopoiskUI"}, {"name": "host", "value": "DESKTOP-QEBLV6A"}, {"name": "thread", "value": "23520-MainThread"}, {"name": "framework", "value": "pytest"}, {"name": "language", "value": "cpython3"}, {"name": "package", "value": "tests.test_ui"}]}