{"name": "Открытие страницы 'Онлайн-кинотеатр'", "status": "broken", "statusDetails": {"message": "selenium.common.exceptions.TimeoutException: Message: \nStacktrace:\nRemoteError@chrome://remote/content/shared/RemoteError.sys.mjs:8:8\nWebDriverError@chrome://remote/content/shared/webdriver/Errors.sys.mjs:199:5\nNoSuchElementError@chrome://remote/content/shared/webdriver/Errors.sys.mjs:552:5\ndom.find/</<@chrome://remote/content/shared/DOM.sys.mjs:136:16", "trace": "self = <tests.test_ui.TestKinopoiskUI object at 0x0000028868CEE850>\n\n    @allure.story(\"Навигация + обход капчи\")\n    @allure.title(\"Открытие страницы 'Онлайн-кинотеатр'\")\n    def test_open_online_cinema(self):\n        with allure.step(\"Открытие главной страницы\"):\n            self.main_page.open()\n        with allure.step(\"Установка куки авторизации для обхода капчи\"):\n            self.main_page.add_auth_cookie()\n        with allure.step(\"Переход по ссылке 'Онлайн-кинотеатр'\"):\n>           self.main_page.open_online_cinema()\n\ntests\\test_ui.py:22: \n_ _ _ _ _ _ _ _ _ _ _ _ _ _ _ _ _ _ _ _ _ _ _ _ _ _ _ _ _ _ _ _ _ _ _ _ _ _ _ _ _ _ _ _ _ _ _ _ _ _ _ _ _ _ _ _ _ _ _ _ _ _ _ _ _ _ _ _ _ _ _ _ _ _ _ _ _ _ _ _ _ _ _ _ _\npages\\main_page.py:51: in open_online_cinema\n    self.click(online_cinema_link)\npages\\base_page.py:41: in click\n    element = self.wait.until(EC.element_to_be_clickable(locator))\n_ _ _ _ _ _ _ _ _ _ _ _ _ _ _ _ _ _ _ _ _ _ _ _ _ _ _ _ _ _ _ _ _ _ _ _ _ _ _ _ _ _ _ _ _ _ _ _ _ _ _ _ _ _ _ _ _ _ _ _ _ _ _ _ _ _ _ _ _ _ _ _ _ _ _ _ _ _ _ _ _ _ _ _ _\n\nself = <selenium.webdriver.support.wait.WebDriverWait (session=\"880f3bcf-c9da-4094-97d8-87b76db3745d\")>\nmethod = <function element_to_be_clickable.<locals>._predicate at 0x0000028868D29EE0>, message = ''\n\n    def until(self, method: Callable[[D], Union[Literal[False], T]], message: str = \"\") -> T:\n        \"\"\"Wait until the method returns a value that is not False.\n    \n        Calls the method provided with the driver as an argument until the\n        return value does not evaluate to ``False``.\n    \n        Parameters:\n        -----------\n        method: callable(WebDriver)\n            - A callable object that takes a WebDriver instance as an argument.\n    \n        message: str\n            - Optional message for :exc:`TimeoutException`\n    \n        Return:\n        -------\n        object: T\n            - The result of the last call to `method`\n    \n        Raises:\n        -------\n        TimeoutException\n            - If 'method' does not return a truthy value within the WebDriverWait\n            object's timeout\n    \n        Example:\n        --------\n        >>> from selenium.webdriver.common.by import By\n        >>> from selenium.webdriver.support.ui import WebDriverWait\n        >>> from selenium.webdriver.support import expected_conditions as EC\n    \n        # Wait until an element is visible on the page\n        >>> wait = WebDriverWait(driver, 10)\n        >>> element = wait.until(EC.visibility_of_element_located((By.ID, \"exampleId\")))\n        >>> print(element.text)\n        \"\"\"\n        screen = None\n        stacktrace = None\n    \n        end_time = time.monotonic() + self._timeout\n        while True:\n            try:\n                value = method(self._driver)\n                if value:\n                    return value\n            except self._ignored_exceptions as exc:\n                screen = getattr(exc, \"screen\", None)\n                stacktrace = getattr(exc, \"stacktrace\", None)\n            if time.monotonic() > end_time:\n                break\n            time.sleep(self._poll)\n>       raise TimeoutException(message, screen, stacktrace)\nE       selenium.common.exceptions.TimeoutException: Message: \nE       Stacktrace:\nE       RemoteError@chrome://remote/content/shared/RemoteError.sys.mjs:8:8\nE       WebDriverError@chrome://remote/content/shared/webdriver/Errors.sys.mjs:199:5\nE       NoSuchElementError@chrome://remote/content/shared/webdriver/Errors.sys.mjs:552:5\nE       dom.find/</<@chrome://remote/content/shared/DOM.sys.mjs:136:16\n\nC:\\Users\\ASUS\\AppData\\Local\\Programs\\Python\\Python313\\Lib\\site-packages\\selenium\\webdriver\\support\\wait.py:146: TimeoutException"}, "steps": [{"name": "Открытие главной страницы", "status": "passed", "steps": [{"name": "Открытие страницы ''", "status": "passed", "parameters": [{"name": "url", "value": "''"}], "start": 1744546704835, "stop": 1744546706982}], "start": 1744546704835, "stop": 1744546706982}, {"name": "Установка куки авторизации для обхода капчи", "status": "passed", "steps": [{"name": "Установка куки авторизации", "status": "passed", "steps": [{"name": "Ожидание появления элемента ('tag name', 'body')", "status": "passed", "parameters": [{"name": "locator", "value": "('tag name', 'body')"}], "start": 1744546707376, "stop": 1744546707400}], "start": 1744546706982, "stop": 1744546707400}], "start": 1744546706982, "stop": 1744546707400}, {"name": "Переход по ссылке 'Онлайн-кинотеатр'", "status": "broken", "statusDetails": {"message": "selenium.common.exceptions.TimeoutException: Message: \nStacktrace:\nRemoteError@chrome://remote/content/shared/RemoteError.sys.mjs:8:8\nWebDriverError@chrome://remote/content/shared/webdriver/Errors.sys.mjs:199:5\nNoSuchElementError@chrome://remote/content/shared/webdriver/Errors.sys.mjs:552:5\ndom.find/</<@chrome://remote/content/shared/DOM.sys.mjs:136:16\n\n", "trace": "  File \"C:\\Users\\ASUS\\Desktop\\HW\\SkyPro\\coursework\\Kurs5\\kurs5\\kurs5\\kinopoisk_autotests\\tests\\test_ui.py\", line 22, in test_open_online_cinema\n    self.main_page.open_online_cinema()\n    ~~~~~~~~~~~~~~~~~~~~~~~~~~~~~~~~~^^\n  File \"C:\\Users\\ASUS\\AppData\\Local\\Programs\\Python\\Python313\\Lib\\site-packages\\allure_commons\\_allure.py\", line 202, in impl\n    return func(*a, **kw)\n  File \"C:\\Users\\ASUS\\Desktop\\HW\\SkyPro\\coursework\\Kurs5\\kurs5\\kurs5\\kinopoisk_autotests\\pages\\main_page.py\", line 51, in open_online_cinema\n    self.click(online_cinema_link)\n    ~~~~~~~~~~^^^^^^^^^^^^^^^^^^^^\n  File \"C:\\Users\\ASUS\\AppData\\Local\\Programs\\Python\\Python313\\Lib\\site-packages\\allure_commons\\_allure.py\", line 202, in impl\n    return func(*a, **kw)\n  File \"C:\\Users\\ASUS\\Desktop\\HW\\SkyPro\\coursework\\Kurs5\\kurs5\\kurs5\\kinopoisk_autotests\\pages\\base_page.py\", line 41, in click\n    element = self.wait.until(EC.element_to_be_clickable(locator))\n  File \"C:\\Users\\ASUS\\AppData\\Local\\Programs\\Python\\Python313\\Lib\\site-packages\\selenium\\webdriver\\support\\wait.py\", line 146, in until\n    raise TimeoutException(message, screen, stacktrace)\n"}, "steps": [{"name": "Переход на страницу 'Онлайн-кинотеатр'", "status": "broken", "statusDetails": {"message": "selenium.common.exceptions.TimeoutException: Message: \nStacktrace:\nRemoteError@chrome://remote/content/shared/RemoteError.sys.mjs:8:8\nWebDriverError@chrome://remote/content/shared/webdriver/Errors.sys.mjs:199:5\nNoSuchElementError@chrome://remote/content/shared/webdriver/Errors.sys.mjs:552:5\ndom.find/</<@chrome://remote/content/shared/DOM.sys.mjs:136:16\n\n", "trace": "  File \"C:\\Users\\ASUS\\AppData\\Local\\Programs\\Python\\Python313\\Lib\\site-packages\\allure_commons\\_allure.py\", line 202, in impl\n    return func(*a, **kw)\n  File \"C:\\Users\\ASUS\\Desktop\\HW\\SkyPro\\coursework\\Kurs5\\kurs5\\kurs5\\kinopoisk_autotests\\pages\\main_page.py\", line 51, in open_online_cinema\n    self.click(online_cinema_link)\n    ~~~~~~~~~~^^^^^^^^^^^^^^^^^^^^\n  File \"C:\\Users\\ASUS\\AppData\\Local\\Programs\\Python\\Python313\\Lib\\site-packages\\allure_commons\\_allure.py\", line 202, in impl\n    return func(*a, **kw)\n  File \"C:\\Users\\ASUS\\Desktop\\HW\\SkyPro\\coursework\\Kurs5\\kurs5\\kurs5\\kinopoisk_autotests\\pages\\base_page.py\", line 41, in click\n    element = self.wait.until(EC.element_to_be_clickable(locator))\n  File \"C:\\Users\\ASUS\\AppData\\Local\\Programs\\Python\\Python313\\Lib\\site-packages\\selenium\\webdriver\\support\\wait.py\", line 146, in until\n    raise TimeoutException(message, screen, stacktrace)\n"}, "steps": [{"name": "Клик по элементу ('css selector', \"a[data-tid='acc26a70']\")", "status": "broken", "statusDetails": {"message": "selenium.common.exceptions.TimeoutException: Message: \nStacktrace:\nRemoteError@chrome://remote/content/shared/RemoteError.sys.mjs:8:8\nWebDriverError@chrome://remote/content/shared/webdriver/Errors.sys.mjs:199:5\nNoSuchElementError@chrome://remote/content/shared/webdriver/Errors.sys.mjs:552:5\ndom.find/</<@chrome://remote/content/shared/DOM.sys.mjs:136:16\n\n", "trace": "  File \"C:\\Users\\ASUS\\AppData\\Local\\Programs\\Python\\Python313\\Lib\\site-packages\\allure_commons\\_allure.py\", line 202, in impl\n    return func(*a, **kw)\n  File \"C:\\Users\\ASUS\\Desktop\\HW\\SkyPro\\coursework\\Kurs5\\kurs5\\kurs5\\kinopoisk_autotests\\pages\\base_page.py\", line 41, in click\n    element = self.wait.until(EC.element_to_be_clickable(locator))\n  File \"C:\\Users\\ASUS\\AppData\\Local\\Programs\\Python\\Python313\\Lib\\site-packages\\selenium\\webdriver\\support\\wait.py\", line 146, in until\n    raise TimeoutException(message, screen, stacktrace)\n"}, "parameters": [{"name": "locator", "value": "('css selector', \"a[data-tid='acc26a70']\")"}], "start": 1744546707400, "stop": 1744546727617}], "start": 1744546707400, "stop": 1744546727618}], "start": 1744546707400, "stop": 1744546727619}], "start": 1744546704835, "stop": 1744546727620, "uuid": "160aceda-a71e-45e9-b783-89b32ed8372f", "historyId": "aed704774b2c6bed3e3d7eaceb9e3f07", "testCaseId": "aed704774b2c6bed3e3d7eaceb9e3f07", "fullName": "tests.test_ui.TestKinopoiskUI#test_open_online_cinema", "labels": [{"name": "feature", "value": "UI Тесты Кинopoиска"}, {"name": "story", "value": "Навигация + обход капчи"}, {"name": "parentSuite", "value": "tests"}, {"name": "suite", "value": "test_ui"}, {"name": "subSuite", "value": "TestKinopoiskUI"}, {"name": "host", "value": "DESKTOP-QEBLV6A"}, {"name": "thread", "value": "2072-MainThread"}, {"name": "framework", "value": "pytest"}, {"name": "language", "value": "cpython3"}, {"name": "package", "value": "tests.test_ui"}]}