{"name": "Проверка валидации формы", "status": "broken", "statusDetails": {"message": "selenium.common.exceptions.TimeoutException: Message: Элемент ('name', 'zip-code') не найден\nStacktrace:\n\tGetHandleVerifier [0x00007FF688984C25+3179557]\n\t(No symbol) [0x00007FF6885E88A0]\n\t(No symbol) [0x00007FF6884791CA]\n\t(No symbol) [0x00007FF6884CFA67]\n\t(No symbol) [0x00007FF6884CFC9C]\n\t(No symbol) [0x00007FF688523627]\n\t(No symbol) [0x00007FF6884F7C6F]\n\t(No symbol) [0x00007FF6885202F3]\n\t(No symbol) [0x00007FF6884F7A03]\n\t(No symbol) [0x00007FF6884C06D0]\n\t(No symbol) [0x00007FF6884C1983]\n\tGetHandleVerifier [0x00007FF6889E67CD+3579853]\n\tGetHandleVerifier [0x00007FF6889FD1D2+3672530]\n\tGetHandleVerifier [0x00007FF6889F2153+3627347]\n\tGetHandleVerifier [0x00007FF68875092A+868650]\n\t(No symbol) [0x00007FF6885F2FFF]\n\t(No symbol) [0x00007FF6885EF4A4]\n\t(No symbol) [0x00007FF6885EF646]\n\t(No symbol) [0x00007FF6885DEAA9]\n\tBaseThreadInitThunk [0x00007FF8970AE8D7+23]\n\tRtlUserThreadStart [0x00007FF89835BF6C+44]", "trace": "tests\\test_form.py:27: in test_form_validation\n    assert form.get_validation_state(\"zip-code\") == \"invalid\"\npages\\form_page.py:27: in get_validation_state\n    element = self.find_element((By.NAME, field_name))\npages\\base_page.py:18: in find_element\n    return WebDriverWait(self.driver, timeout).until(\nC:\\Users\\ASUS\\AppData\\Local\\Programs\\Python\\Python313\\Lib\\site-packages\\selenium\\webdriver\\support\\wait.py:146: in until\n    raise TimeoutException(message, screen, stacktrace)\nE   selenium.common.exceptions.TimeoutException: Message: Элемент ('name', 'zip-code') не найден\nE   Stacktrace:\nE   \tGetHandleVerifier [0x00007FF688984C25+3179557]\nE   \t(No symbol) [0x00007FF6885E88A0]\nE   \t(No symbol) [0x00007FF6884791CA]\nE   \t(No symbol) [0x00007FF6884CFA67]\nE   \t(No symbol) [0x00007FF6884CFC9C]\nE   \t(No symbol) [0x00007FF688523627]\nE   \t(No symbol) [0x00007FF6884F7C6F]\nE   \t(No symbol) [0x00007FF6885202F3]\nE   \t(No symbol) [0x00007FF6884F7A03]\nE   \t(No symbol) [0x00007FF6884C06D0]\nE   \t(No symbol) [0x00007FF6884C1983]\nE   \tGetHandleVerifier [0x00007FF6889E67CD+3579853]\nE   \tGetHandleVerifier [0x00007FF6889FD1D2+3672530]\nE   \tGetHandleVerifier [0x00007FF6889F2153+3627347]\nE   \tGetHandleVerifier [0x00007FF68875092A+868650]\nE   \t(No symbol) [0x00007FF6885F2FFF]\nE   \t(No symbol) [0x00007FF6885EF4A4]\nE   \t(No symbol) [0x00007FF6885EF646]\nE   \t(No symbol) [0x00007FF6885DEAA9]\nE   \tBaseThreadInitThunk [0x00007FF8970AE8D7+23]\nE   \tRtlUserThreadStart [0x00007FF89835BF6C+44]"}, "steps": [{"name": "Открыть страницу", "status": "passed", "start": 1742834584512, "stop": 1742834584989}, {"name": "Найти элемент ('name', 'first-name')", "status": "passed", "parameters": [{"name": "locator", "value": "('name', 'first-name')"}, {"name": "timeout", "value": "10"}], "start": 1742834584989, "stop": 1742834584997}, {"name": "Найти элемент ('name', 'last-name')", "status": "passed", "parameters": [{"name": "locator", "value": "('name', 'last-name')"}, {"name": "timeout", "value": "10"}], "start": 1742834585048, "stop": 1742834585054}, {"name": "Найти элемент ('name', 'address')", "status": "passed", "parameters": [{"name": "locator", "value": "('name', 'address')"}, {"name": "timeout", "value": "10"}], "start": 1742834585092, "stop": 1742834585098}, {"name": "Найти элемент ('name', 'e-mail')", "status": "passed", "parameters": [{"name": "locator", "value": "('name', 'e-mail')"}, {"name": "timeout", "value": "10"}], "start": 1742834585142, "stop": 1742834589206}, {"name": "Найти элемент ('name', 'phone')", "status": "passed", "parameters": [{"name": "locator", "value": "('name', 'phone')"}, {"name": "timeout", "value": "10"}], "start": 1742834589255, "stop": 1742834589261}, {"name": "Отправить форму", "status": "passed", "steps": [{"name": "Найти кликабельный элемент ('css selector', \"button[type='submit']\")", "status": "passed", "parameters": [{"name": "locator", "value": "('css selector', \"button[type='submit']\")"}, {"name": "timeout", "value": "10"}], "start": 1742834589302, "stop": 1742834589316}], "start": 1742834589302, "stop": 1742834590516}, {"name": "Проверить валидацию поля 'zip-code'", "status": "broken", "statusDetails": {"message": "selenium.common.exceptions.TimeoutException: Message: Элемент ('name', 'zip-code') не найден\nStacktrace:\n\tGetHandleVerifier [0x00007FF688984C25+3179557]\n\t(No symbol) [0x00007FF6885E88A0]\n\t(No symbol) [0x00007FF6884791CA]\n\t(No symbol) [0x00007FF6884CFA67]\n\t(No symbol) [0x00007FF6884CFC9C]\n\t(No symbol) [0x00007FF688523627]\n\t(No symbol) [0x00007FF6884F7C6F]\n\t(No symbol) [0x00007FF6885202F3]\n\t(No symbol) [0x00007FF6884F7A03]\n\t(No symbol) [0x00007FF6884C06D0]\n\t(No symbol) [0x00007FF6884C1983]\n\tGetHandleVerifier [0x00007FF6889E67CD+3579853]\n\tGetHandleVerifier [0x00007FF6889FD1D2+3672530]\n\tGetHandleVerifier [0x00007FF6889F2153+3627347]\n\tGetHandleVerifier [0x00007FF68875092A+868650]\n\t(No symbol) [0x00007FF6885F2FFF]\n\t(No symbol) [0x00007FF6885EF4A4]\n\t(No symbol) [0x00007FF6885EF646]\n\t(No symbol) [0x00007FF6885DEAA9]\n\tBaseThreadInitThunk [0x00007FF8970AE8D7+23]\n\tRtlUserThreadStart [0x00007FF89835BF6C+44]\n\n", "trace": "  File \"C:\\Users\\ASUS\\AppData\\Local\\Programs\\Python\\Python313\\Lib\\site-packages\\allure_commons\\_allure.py\", line 192, in impl\n    return func(*a, **kw)\n  File \"C:\\Users\\ASUS\\Desktop\\Учеба\\SkyPro\\Домашняя работа\\Курс 5\\kurs5\\kurs5\\lesson_10\\pages\\form_page.py\", line 27, in get_validation_state\n    element = self.find_element((By.NAME, field_name))\n  File \"C:\\Users\\ASUS\\AppData\\Local\\Programs\\Python\\Python313\\Lib\\site-packages\\allure_commons\\_allure.py\", line 192, in impl\n    return func(*a, **kw)\n  File \"C:\\Users\\ASUS\\Desktop\\Учеба\\SkyPro\\Домашняя работа\\Курс 5\\kurs5\\kurs5\\lesson_10\\pages\\base_page.py\", line 18, in find_element\n    return WebDriverWait(self.driver, timeout).until(\n           ~~~~~~~~~~~~~~~~~~~~~~~~~~~~~~~~~~~~~~~~~^\n        EC.presence_of_element_located(locator),\n        ^^^^^^^^^^^^^^^^^^^^^^^^^^^^^^^^^^^^^^^^\n        message=f\"Элемент {locator} не найден\"\n        ^^^^^^^^^^^^^^^^^^^^^^^^^^^^^^^^^^^^^^\n    )\n    ^\n  File \"C:\\Users\\ASUS\\AppData\\Local\\Programs\\Python\\Python313\\Lib\\site-packages\\selenium\\webdriver\\support\\wait.py\", line 146, in until\n    raise TimeoutException(message, screen, stacktrace)\n"}, "steps": [{"name": "Найти элемент ('name', 'zip-code')", "status": "broken", "statusDetails": {"message": "selenium.common.exceptions.TimeoutException: Message: Элемент ('name', 'zip-code') не найден\nStacktrace:\n\tGetHandleVerifier [0x00007FF688984C25+3179557]\n\t(No symbol) [0x00007FF6885E88A0]\n\t(No symbol) [0x00007FF6884791CA]\n\t(No symbol) [0x00007FF6884CFA67]\n\t(No symbol) [0x00007FF6884CFC9C]\n\t(No symbol) [0x00007FF688523627]\n\t(No symbol) [0x00007FF6884F7C6F]\n\t(No symbol) [0x00007FF6885202F3]\n\t(No symbol) [0x00007FF6884F7A03]\n\t(No symbol) [0x00007FF6884C06D0]\n\t(No symbol) [0x00007FF6884C1983]\n\tGetHandleVerifier [0x00007FF6889E67CD+3579853]\n\tGetHandleVerifier [0x00007FF6889FD1D2+3672530]\n\tGetHandleVerifier [0x00007FF6889F2153+3627347]\n\tGetHandleVerifier [0x00007FF68875092A+868650]\n\t(No symbol) [0x00007FF6885F2FFF]\n\t(No symbol) [0x00007FF6885EF4A4]\n\t(No symbol) [0x00007FF6885EF646]\n\t(No symbol) [0x00007FF6885DEAA9]\n\tBaseThreadInitThunk [0x00007FF8970AE8D7+23]\n\tRtlUserThreadStart [0x00007FF89835BF6C+44]\n\n", "trace": "  File \"C:\\Users\\ASUS\\AppData\\Local\\Programs\\Python\\Python313\\Lib\\site-packages\\allure_commons\\_allure.py\", line 192, in impl\n    return func(*a, **kw)\n  File \"C:\\Users\\ASUS\\Desktop\\Учеба\\SkyPro\\Домашняя работа\\Курс 5\\kurs5\\kurs5\\lesson_10\\pages\\base_page.py\", line 18, in find_element\n    return WebDriverWait(self.driver, timeout).until(\n           ~~~~~~~~~~~~~~~~~~~~~~~~~~~~~~~~~~~~~~~~~^\n        EC.presence_of_element_located(locator),\n        ^^^^^^^^^^^^^^^^^^^^^^^^^^^^^^^^^^^^^^^^\n        message=f\"Элемент {locator} не найден\"\n        ^^^^^^^^^^^^^^^^^^^^^^^^^^^^^^^^^^^^^^\n    )\n    ^\n  File \"C:\\Users\\ASUS\\AppData\\Local\\Programs\\Python\\Python313\\Lib\\site-packages\\selenium\\webdriver\\support\\wait.py\", line 146, in until\n    raise TimeoutException(message, screen, stacktrace)\n"}, "parameters": [{"name": "locator", "value": "('name', 'zip-code')"}, {"name": "timeout", "value": "10"}], "start": 1742834590516, "stop": 1742834600999}], "parameters": [{"name": "field_name", "value": "'zip-code'"}], "start": 1742834590516, "stop": 1742834601000}], "start": 1742834584512, "stop": 1742834601001, "uuid": "68d63a77-76d1-437d-9b5e-dfb4be65d07b", "historyId": "e53493f0b4a3e198f85224b8b6e51147", "testCaseId": "e53493f0b4a3e198f85224b8b6e51147", "fullName": "tests.test_form.TestFormValidation#test_form_validation", "labels": [{"name": "feature", "value": "Тестирование формы"}, {"name": "parentSuite", "value": "tests"}, {"name": "suite", "value": "test_form"}, {"name": "subSuite", "value": "TestFormValidation"}, {"name": "host", "value": "DESKTOP-QEBLV6A"}, {"name": "thread", "value": "6812-MainThread"}, {"name": "framework", "value": "pytest"}, {"name": "language", "value": "cpython3"}, {"name": "package", "value": "tests.test_form"}]}