{"name": "Проверка валидации ZIP-кода", "status": "failed", "statusDetails": {"message": "AssertionError: ZIP-код должен быть невалидным. Текущее состояние: error\nassert 'error' == 'invalid'\n  \n  - invalid\n  + error", "trace": "lesson_10\\tests\\test_form.py:44: in test_zip_code_validation\n    assert validation_state == \"invalid\", (\nE   AssertionError: ZIP-код должен быть невалидным. Текущее состояние: error\nE   assert 'error' == 'invalid'\nE     \nE     - invalid\nE     + error"}, "steps": [{"name": "Открыть страницу с формой", "status": "passed", "steps": [{"name": "Открыть страницу", "status": "passed", "start": 1742859512086, "stop": 1742859512378}], "start": 1742859512086, "stop": 1742859512391}, {"name": "Заполнить обязательные поля (кроме ZIP-кода)", "status": "passed", "steps": [{"name": "Ввести текст в поле 'first-name'", "status": "passed", "steps": [{"name": "Найти элемент ('name', 'first-name')", "status": "passed", "parameters": [{"name": "locator", "value": "('name', 'first-name')"}, {"name": "timeout", "value": "10"}], "start": 1742859512391, "stop": 1742859512396}], "parameters": [{"name": "field_name", "value": "'first-name'"}, {"name": "text", "value": "'Иван'"}], "start": 1742859512391, "stop": 1742859512446}, {"name": "Ввести текст в поле 'last-name'", "status": "passed", "steps": [{"name": "Найти элемент ('name', 'last-name')", "status": "passed", "parameters": [{"name": "locator", "value": "('name', 'last-name')"}, {"name": "timeout", "value": "10"}], "start": 1742859512447, "stop": 1742859512453}], "parameters": [{"name": "field_name", "value": "'last-name'"}, {"name": "text", "value": "'Петров'"}], "start": 1742859512447, "stop": 1742859512490}, {"name": "Ввести текст в поле 'address'", "status": "passed", "steps": [{"name": "Найти элемент ('name', 'address')", "status": "passed", "parameters": [{"name": "locator", "value": "('name', 'address')"}, {"name": "timeout", "value": "10"}], "start": 1742859512491, "stop": 1742859512498}], "parameters": [{"name": "field_name", "value": "'address'"}, {"name": "text", "value": "'ул. Ленина, 10'"}], "start": 1742859512491, "stop": 1742859512540}, {"name": "Ввести текст в поле 'e-mail'", "status": "passed", "steps": [{"name": "Найти элемент ('name', 'e-mail')", "status": "passed", "parameters": [{"name": "locator", "value": "('name', 'e-mail')"}, {"name": "timeout", "value": "10"}], "start": 1742859512540, "stop": 1742859512547}], "parameters": [{"name": "field_name", "value": "'e-mail'"}, {"name": "text", "value": "'test@example.com'"}], "start": 1742859512540, "stop": 1742859512585}, {"name": "Ввести текст в поле 'phone'", "status": "passed", "steps": [{"name": "Найти элемент ('name', 'phone')", "status": "passed", "parameters": [{"name": "locator", "value": "('name', 'phone')"}, {"name": "timeout", "value": "10"}], "start": 1742859512585, "stop": 1742859512595}], "parameters": [{"name": "field_name", "value": "'phone'"}, {"name": "text", "value": "'+79991234567'"}], "start": 1742859512585, "stop": 1742859512637}], "start": 1742859512391, "stop": 1742859512637}, {"name": "Отправить форму", "status": "passed", "steps": [{"name": "Отправить форму", "status": "passed", "steps": [{"name": "Найти кликабельный элемент ('css selector', \"button[type='submit']\")", "status": "passed", "parameters": [{"name": "locator", "value": "('css selector', \"button[type='submit']\")"}, {"name": "timeout", "value": "10"}], "start": 1742859512637, "stop": 1742859512652}], "start": 1742859512637, "stop": 1742859515733}], "start": 1742859512637, "stop": 1742859517734}, {"name": "Проверить валидацию ZIP-кода", "status": "failed", "statusDetails": {"message": "AssertionError: ZIP-код должен быть невалидным. Текущее состояние: error\nassert 'error' == 'invalid'\n  \n  - invalid\n  + error\n", "trace": "  File \"C:\\Users\\ASUS\\Desktop\\Учеба\\SkyPro\\Домашняя работа\\Курс 5\\kurs5\\kurs5\\lesson_10\\tests\\test_form.py\", line 44, in test_zip_code_validation\n    assert validation_state == \"invalid\", (\n        f\"ZIP-код должен быть невалидным. Текущее состояние: {validation_state}\"\n    )\n"}, "steps": [{"name": "Проверить валидацию ZIP-кода", "status": "passed", "steps": [{"name": "Найти элемент ('name', 'zip-code')", "status": "broken", "statusDetails": {"message": "selenium.common.exceptions.TimeoutException: Message: Элемент ('name', 'zip-code') не найден\nStacktrace:\n\tGetHandleVerifier [0x00007FF77C324C25+3179557]\n\t(No symbol) [0x00007FF77BF888A0]\n\t(No symbol) [0x00007FF77BE191CA]\n\t(No symbol) [0x00007FF77BE6FA67]\n\t(No symbol) [0x00007FF77BE6FC9C]\n\t(No symbol) [0x00007FF77BEC3627]\n\t(No symbol) [0x00007FF77BE97C6F]\n\t(No symbol) [0x00007FF77BEC02F3]\n\t(No symbol) [0x00007FF77BE97A03]\n\t(No symbol) [0x00007FF77BE606D0]\n\t(No symbol) [0x00007FF77BE61983]\n\tGetHandleVerifier [0x00007FF77C3867CD+3579853]\n\tGetHandleVerifier [0x00007FF77C39D1D2+3672530]\n\tGetHandleVerifier [0x00007FF77C392153+3627347]\n\tGetHandleVerifier [0x00007FF77C0F092A+868650]\n\t(No symbol) [0x00007FF77BF92FFF]\n\t(No symbol) [0x00007FF77BF8F4A4]\n\t(No symbol) [0x00007FF77BF8F646]\n\t(No symbol) [0x00007FF77BF7EAA9]\n\tBaseThreadInitThunk [0x00007FF8970AE8D7+23]\n\tRtlUserThreadStart [0x00007FF89835BF6C+44]\n\n", "trace": "  File \"C:\\Users\\ASUS\\AppData\\Local\\Programs\\Python\\Python313\\Lib\\site-packages\\allure_commons\\_allure.py\", line 192, in impl\n    return func(*a, **kw)\n  File \"C:\\Users\\ASUS\\Desktop\\Учеба\\SkyPro\\Домашняя работа\\Курс 5\\kurs5\\kurs5\\lesson_10\\pages\\base_page.py\", line 24, in find_element\n    return self.wait.until(\n           ~~~~~~~~~~~~~~~^\n        EC.presence_of_element_located(locator),\n        ^^^^^^^^^^^^^^^^^^^^^^^^^^^^^^^^^^^^^^^^\n        message=f\"Элемент {locator} не найден\"\n        ^^^^^^^^^^^^^^^^^^^^^^^^^^^^^^^^^^^^^^\n    )\n    ^\n  File \"C:\\Users\\ASUS\\AppData\\Local\\Programs\\Python\\Python313\\Lib\\site-packages\\selenium\\webdriver\\support\\wait.py\", line 146, in until\n    raise TimeoutException(message, screen, stacktrace)\n"}, "parameters": [{"name": "locator", "value": "('name', 'zip-code')"}, {"name": "timeout", "value": "10"}], "start": 1742859517734, "stop": 1742859528045}], "start": 1742859517734, "stop": 1742859528047}], "start": 1742859517734, "stop": 1742859528047}, {"name": "Сделать скриншот при ошибке", "status": "passed", "attachments": [{"name": "screenshot", "source": "12a47732-83f2-4db2-8918-5e50734f4f9a-attachment.png", "type": "image/png"}], "start": 1742859528084, "stop": 1742859528136}], "attachments": [{"name": "log", "source": "114c6ee4-8257-4c8f-86a5-0061730777f1-attachment.txt", "type": "text/plain"}], "start": 1742859512086, "stop": 1742859528047, "uuid": "61c866a3-9202-4e15-b10d-06d2e01a9f6b", "historyId": "59449987ff2efe3f4a206f4527fc0db9", "testCaseId": "59449987ff2efe3f4a206f4527fc0db9", "fullName": "tests.test_form.TestFormValidation#test_zip_code_validation", "labels": [{"name": "feature", "value": "Тестирование формы"}, {"name": "parentSuite", "value": "tests"}, {"name": "suite", "value": "test_form"}, {"name": "subSuite", "value": "TestFormValidation"}, {"name": "host", "value": "DESKTOP-QEBLV6A"}, {"name": "thread", "value": "25660-MainThread"}, {"name": "framework", "value": "pytest"}, {"name": "language", "value": "cpython3"}, {"name": "package", "value": "tests.test_form"}]}