{"name": "Проверка валидации обязательных полей", "status": "failed", "statusDetails": {"message": "AssertionError: ZIP-код должен быть невалидным\nassert 'error' == 'invalid'\n  \n  - invalid\n  + error", "trace": "lesson_10\\tests\\test_form.py:36: in test_form_validation\n    assert form.get_validation_state(\"zip-code\") == \"invalid\", \"ZIP-код должен быть невалидным\"\nE   AssertionError: ZIP-код должен быть невалидным\nE   assert 'error' == 'invalid'\nE     \nE     - invalid\nE     + error"}, "description": "Тест проверяет подсветку невалидных полей формы", "steps": [{"name": "Открыть и заполнить форму (кроме ZIP-кода)", "status": "passed", "steps": [{"name": "Открыть страницу", "status": "passed", "start": 1742856004288, "stop": 1742856004720}, {"name": "Ввести текст в поле 'first-name'", "status": "passed", "steps": [{"name": "Найти элемент ('name', 'first-name')", "status": "passed", "parameters": [{"name": "locator", "value": "('name', 'first-name')"}, {"name": "timeout", "value": "10"}], "start": 1742856004720, "stop": 1742856004726}], "parameters": [{"name": "field_name", "value": "'first-name'"}, {"name": "text", "value": "'Иван'"}], "start": 1742856004720, "stop": 1742856004785}, {"name": "Ввести текст в поле 'last-name'", "status": "passed", "steps": [{"name": "Найти элемент ('name', 'last-name')", "status": "passed", "parameters": [{"name": "locator", "value": "('name', 'last-name')"}, {"name": "timeout", "value": "10"}], "start": 1742856004785, "stop": 1742856004792}], "parameters": [{"name": "field_name", "value": "'last-name'"}, {"name": "text", "value": "'Петров'"}], "start": 1742856004785, "stop": 1742856004836}, {"name": "Ввести текст в поле 'address'", "status": "passed", "steps": [{"name": "Найти элемент ('name', 'address')", "status": "passed", "parameters": [{"name": "locator", "value": "('name', 'address')"}, {"name": "timeout", "value": "10"}], "start": 1742856004836, "stop": 1742856004843}], "parameters": [{"name": "field_name", "value": "'address'"}, {"name": "text", "value": "'ул. Ленина, 10'"}], "start": 1742856004836, "stop": 1742856004891}, {"name": "Ввести текст в поле 'e-mail'", "status": "passed", "steps": [{"name": "Найти элемент ('name', 'e-mail')", "status": "passed", "parameters": [{"name": "locator", "value": "('name', 'e-mail')"}, {"name": "timeout", "value": "10"}], "start": 1742856004891, "stop": 1742856004901}], "parameters": [{"name": "field_name", "value": "'e-mail'"}, {"name": "text", "value": "'test@example.com'"}], "start": 1742856004891, "stop": 1742856004947}, {"name": "Ввести текст в поле 'phone'", "status": "passed", "steps": [{"name": "Найти элемент ('name', 'phone')", "status": "passed", "parameters": [{"name": "locator", "value": "('name', 'phone')"}, {"name": "timeout", "value": "10"}], "start": 1742856004947, "stop": 1742856004954}], "parameters": [{"name": "field_name", "value": "'phone'"}, {"name": "text", "value": "'+79991234567'"}], "start": 1742856004947, "stop": 1742856004995}], "start": 1742856004288, "stop": 1742856004995}, {"name": "Отправить форму", "status": "passed", "steps": [{"name": "Отправить форму", "status": "passed", "steps": [{"name": "Найти кликабельный элемент ('css selector', \"button[type='submit']\")", "status": "passed", "parameters": [{"name": "locator", "value": "('css selector', \"button[type='submit']\")"}, {"name": "timeout", "value": "10"}], "start": 1742856004996, "stop": 1742856005011}], "start": 1742856004995, "stop": 1742856005090}], "start": 1742856004995, "stop": 1742856005090}, {"name": "Проверить валидацию полей", "status": "failed", "statusDetails": {"message": "AssertionError: ZIP-код должен быть невалидным\nassert 'error' == 'invalid'\n  \n  - invalid\n  + error\n", "trace": "  File \"C:\\Users\\ASUS\\Desktop\\Учеба\\SkyPro\\Домашняя работа\\Курс 5\\kurs5\\kurs5\\lesson_10\\tests\\test_form.py\", line 36, in test_form_validation\n    assert form.get_validation_state(\"zip-code\") == \"invalid\", \"ZIP-код должен быть невалидным\"\n"}, "steps": [{"name": "Проверить валидацию поля 'zip-code'", "status": "passed", "steps": [{"name": "Найти элемент ('name', 'zip-code')", "status": "broken", "statusDetails": {"message": "selenium.common.exceptions.TimeoutException: Message: Элемент ('name', 'zip-code') не найден\nStacktrace:\n\tGetHandleVerifier [0x00007FF77C324C25+3179557]\n\t(No symbol) [0x00007FF77BF888A0]\n\t(No symbol) [0x00007FF77BE191CA]\n\t(No symbol) [0x00007FF77BE6FA67]\n\t(No symbol) [0x00007FF77BE6FC9C]\n\t(No symbol) [0x00007FF77BEC3627]\n\t(No symbol) [0x00007FF77BE97C6F]\n\t(No symbol) [0x00007FF77BEC02F3]\n\t(No symbol) [0x00007FF77BE97A03]\n\t(No symbol) [0x00007FF77BE606D0]\n\t(No symbol) [0x00007FF77BE61983]\n\tGetHandleVerifier [0x00007FF77C3867CD+3579853]\n\tGetHandleVerifier [0x00007FF77C39D1D2+3672530]\n\tGetHandleVerifier [0x00007FF77C392153+3627347]\n\tGetHandleVerifier [0x00007FF77C0F092A+868650]\n\t(No symbol) [0x00007FF77BF92FFF]\n\t(No symbol) [0x00007FF77BF8F4A4]\n\t(No symbol) [0x00007FF77BF8F646]\n\t(No symbol) [0x00007FF77BF7EAA9]\n\tBaseThreadInitThunk [0x00007FF8970AE8D7+23]\n\tRtlUserThreadStart [0x00007FF89835BF6C+44]\n\n", "trace": "  File \"C:\\Users\\ASUS\\AppData\\Local\\Programs\\Python\\Python313\\Lib\\site-packages\\allure_commons\\_allure.py\", line 192, in impl\n    return func(*a, **kw)\n  File \"C:\\Users\\ASUS\\Desktop\\Учеба\\SkyPro\\Домашняя работа\\Курс 5\\kurs5\\kurs5\\lesson_10\\pages\\base_page.py\", line 21, in find_element\n    return self.wait.until(\n           ~~~~~~~~~~~~~~~^\n        EC.presence_of_element_located(locator),\n        ^^^^^^^^^^^^^^^^^^^^^^^^^^^^^^^^^^^^^^^^\n        message=f\"Элемент {locator} не найден\"\n        ^^^^^^^^^^^^^^^^^^^^^^^^^^^^^^^^^^^^^^\n    )\n    ^\n  File \"C:\\Users\\ASUS\\AppData\\Local\\Programs\\Python\\Python313\\Lib\\site-packages\\selenium\\webdriver\\support\\wait.py\", line 146, in until\n    raise TimeoutException(message, screen, stacktrace)\n"}, "parameters": [{"name": "locator", "value": "('name', 'zip-code')"}, {"name": "timeout", "value": "10"}], "start": 1742856005091, "stop": 1742856015424}], "parameters": [{"name": "field_name", "value": "'zip-code'"}], "start": 1742856005091, "stop": 1742856015425}], "start": 1742856005090, "stop": 1742856015425}, {"name": "Сделать скриншот при ошибке", "status": "passed", "attachments": [{"name": "screenshot", "source": "1f53916b-ceec-4c52-a634-56b17b189588-attachment.png", "type": "image/png"}], "start": 1742856015462, "stop": 1742856015514}], "attachments": [{"name": "log", "source": "e0a731f7-0b51-493f-a30b-5b406af164c1-attachment.txt", "type": "text/plain"}], "start": 1742856004288, "stop": 1742856015426, "uuid": "01764f53-093b-4616-8ae5-e5d1007bfaf0", "historyId": "e53493f0b4a3e198f85224b8b6e51147", "testCaseId": "e53493f0b4a3e198f85224b8b6e51147", "fullName": "tests.test_form.TestFormValidation#test_form_validation", "labels": [{"name": "feature", "value": "Тестирование формы"}, {"name": "severity", "value": "normal"}, {"name": "parentSuite", "value": "tests"}, {"name": "suite", "value": "test_form"}, {"name": "subSuite", "value": "TestFormValidation"}, {"name": "host", "value": "DESKTOP-QEBLV6A"}, {"name": "thread", "value": "23784-MainThread"}, {"name": "framework", "value": "pytest"}, {"name": "language", "value": "cpython3"}, {"name": "package", "value": "tests.test_form"}]}