{"name": "Проверка валидации обязательных полей", "status": "broken", "statusDetails": {"message": "selenium.common.exceptions.TimeoutException: Message: Элемент ('name', 'zip-code') не найден\nStacktrace:\n\tGetHandleVerifier [0x00007FF77C324C25+3179557]\n\t(No symbol) [0x00007FF77BF888A0]\n\t(No symbol) [0x00007FF77BE191CA]\n\t(No symbol) [0x00007FF77BE6FA67]\n\t(No symbol) [0x00007FF77BE6FC9C]\n\t(No symbol) [0x00007FF77BEC3627]\n\t(No symbol) [0x00007FF77BE97C6F]\n\t(No symbol) [0x00007FF77BEC02F3]\n\t(No symbol) [0x00007FF77BE97A03]\n\t(No symbol) [0x00007FF77BE606D0]\n\t(No symbol) [0x00007FF77BE61983]\n\tGetHandleVerifier [0x00007FF77C3867CD+3579853]\n\tGetHandleVerifier [0x00007FF77C39D1D2+3672530]\n\tGetHandleVerifier [0x00007FF77C392153+3627347]\n\tGetHandleVerifier [0x00007FF77C0F092A+868650]\n\t(No symbol) [0x00007FF77BF92FFF]\n\t(No symbol) [0x00007FF77BF8F4A4]\n\t(No symbol) [0x00007FF77BF8F646]\n\t(No symbol) [0x00007FF77BF7EAA9]\n\tBaseThreadInitThunk [0x00007FF8970AE8D7+23]\n\tRtlUserThreadStart [0x00007FF89835BF6C+44]", "trace": "lesson_10\\tests\\test_form.py:35: in test_form_validation\n    assert form.get_validation_state(\"zip-code\") == \"invalid\", \"ZIP-код должен быть невалидным (поле не заполнено)\"\nlesson_10\\pages\\form_page.py:43: in get_validation_state\n    element = self.find_element(locator)\nlesson_10\\pages\\base_page.py:39: in find_element\n    return WebDriverWait(self.driver, timeout).until(\nC:\\Users\\ASUS\\AppData\\Local\\Programs\\Python\\Python313\\Lib\\site-packages\\selenium\\webdriver\\support\\wait.py:146: in until\n    raise TimeoutException(message, screen, stacktrace)\nE   selenium.common.exceptions.TimeoutException: Message: Элемент ('name', 'zip-code') не найден\nE   Stacktrace:\nE   \tGetHandleVerifier [0x00007FF77C324C25+3179557]\nE   \t(No symbol) [0x00007FF77BF888A0]\nE   \t(No symbol) [0x00007FF77BE191CA]\nE   \t(No symbol) [0x00007FF77BE6FA67]\nE   \t(No symbol) [0x00007FF77BE6FC9C]\nE   \t(No symbol) [0x00007FF77BEC3627]\nE   \t(No symbol) [0x00007FF77BE97C6F]\nE   \t(No symbol) [0x00007FF77BEC02F3]\nE   \t(No symbol) [0x00007FF77BE97A03]\nE   \t(No symbol) [0x00007FF77BE606D0]\nE   \t(No symbol) [0x00007FF77BE61983]\nE   \tGetHandleVerifier [0x00007FF77C3867CD+3579853]\nE   \tGetHandleVerifier [0x00007FF77C39D1D2+3672530]\nE   \tGetHandleVerifier [0x00007FF77C392153+3627347]\nE   \tGetHandleVerifier [0x00007FF77C0F092A+868650]\nE   \t(No symbol) [0x00007FF77BF92FFF]\nE   \t(No symbol) [0x00007FF77BF8F4A4]\nE   \t(No symbol) [0x00007FF77BF8F646]\nE   \t(No symbol) [0x00007FF77BF7EAA9]\nE   \tBaseThreadInitThunk [0x00007FF8970AE8D7+23]\nE   \tRtlUserThreadStart [0x00007FF89835BF6C+44]"}, "description": "Тест проверяет подсветку невалидных полей формы", "steps": [{"name": "Открыть и заполнить форму (кроме ZIP-кода)", "status": "passed", "steps": [{"name": "Открыть страницу", "status": "passed", "start": 1742852355013, "stop": 1742852355452}, {"name": "Ввести текст в поле 'first-name'", "status": "passed", "steps": [{"name": "Найти элемент ('name', 'first-name')", "status": "passed", "parameters": [{"name": "locator", "value": "('name', 'first-name')"}, {"name": "timeout", "value": "10"}], "start": 1742852355452, "stop": 1742852355460}], "parameters": [{"name": "field_name", "value": "'first-name'"}, {"name": "text", "value": "'Иван'"}], "start": 1742852355452, "stop": 1742852355519}, {"name": "Ввести текст в поле 'last-name'", "status": "passed", "steps": [{"name": "Найти элемент ('name', 'last-name')", "status": "passed", "parameters": [{"name": "locator", "value": "('name', 'last-name')"}, {"name": "timeout", "value": "10"}], "start": 1742852355520, "stop": 1742852355527}], "parameters": [{"name": "field_name", "value": "'last-name'"}, {"name": "text", "value": "'Петров'"}], "start": 1742852355520, "stop": 1742852355570}, {"name": "Ввести текст в поле 'address'", "status": "passed", "steps": [{"name": "Найти элемент ('name', 'address')", "status": "passed", "parameters": [{"name": "locator", "value": "('name', 'address')"}, {"name": "timeout", "value": "10"}], "start": 1742852355570, "stop": 1742852355577}], "parameters": [{"name": "field_name", "value": "'address'"}, {"name": "text", "value": "'ул. Ленина, 10'"}], "start": 1742852355570, "stop": 1742852355650}, {"name": "Ввести текст в поле 'e-mail'", "status": "passed", "steps": [{"name": "Найти элемент ('name', 'e-mail')", "status": "passed", "parameters": [{"name": "locator", "value": "('name', 'e-mail')"}, {"name": "timeout", "value": "10"}], "start": 1742852355651, "stop": 1742852355658}], "parameters": [{"name": "field_name", "value": "'e-mail'"}, {"name": "text", "value": "'test@example.com'"}], "start": 1742852355651, "stop": 1742852355707}, {"name": "Ввести текст в поле 'phone'", "status": "passed", "steps": [{"name": "Найти элемент ('name', 'phone')", "status": "passed", "parameters": [{"name": "locator", "value": "('name', 'phone')"}, {"name": "timeout", "value": "10"}], "start": 1742852355708, "stop": 1742852355716}], "parameters": [{"name": "field_name", "value": "'phone'"}, {"name": "text", "value": "'+79991234567'"}], "start": 1742852355708, "stop": 1742852355792}], "start": 1742852355013, "stop": 1742852355792}, {"name": "Отправить форму", "status": "passed", "steps": [{"name": "Отправить форму", "status": "passed", "steps": [{"name": "Найти кликабельный элемент ('css selector', \"button[type='submit']\")", "status": "passed", "parameters": [{"name": "locator", "value": "('css selector', \"button[type='submit']\")"}, {"name": "timeout", "value": "10"}], "start": 1742852355792, "stop": 1742852355811}], "start": 1742852355792, "stop": 1742852356004}], "start": 1742852355792, "stop": 1742852356004}, {"name": "Проверить валидацию полей", "status": "broken", "statusDetails": {"message": "selenium.common.exceptions.TimeoutException: Message: Элемент ('name', 'zip-code') не найден\nStacktrace:\n\tGetHandleVerifier [0x00007FF77C324C25+3179557]\n\t(No symbol) [0x00007FF77BF888A0]\n\t(No symbol) [0x00007FF77BE191CA]\n\t(No symbol) [0x00007FF77BE6FA67]\n\t(No symbol) [0x00007FF77BE6FC9C]\n\t(No symbol) [0x00007FF77BEC3627]\n\t(No symbol) [0x00007FF77BE97C6F]\n\t(No symbol) [0x00007FF77BEC02F3]\n\t(No symbol) [0x00007FF77BE97A03]\n\t(No symbol) [0x00007FF77BE606D0]\n\t(No symbol) [0x00007FF77BE61983]\n\tGetHandleVerifier [0x00007FF77C3867CD+3579853]\n\tGetHandleVerifier [0x00007FF77C39D1D2+3672530]\n\tGetHandleVerifier [0x00007FF77C392153+3627347]\n\tGetHandleVerifier [0x00007FF77C0F092A+868650]\n\t(No symbol) [0x00007FF77BF92FFF]\n\t(No symbol) [0x00007FF77BF8F4A4]\n\t(No symbol) [0x00007FF77BF8F646]\n\t(No symbol) [0x00007FF77BF7EAA9]\n\tBaseThreadInitThunk [0x00007FF8970AE8D7+23]\n\tRtlUserThreadStart [0x00007FF89835BF6C+44]\n\n", "trace": "  File \"C:\\Users\\ASUS\\Desktop\\Учеба\\SkyPro\\Домашняя работа\\Курс 5\\kurs5\\kurs5\\lesson_10\\tests\\test_form.py\", line 35, in test_form_validation\n    assert form.get_validation_state(\"zip-code\") == \"invalid\", \"ZIP-код должен быть невалидным (поле не заполнено)\"\n           ~~~~~~~~~~~~~~~~~~~~~~~~~^^^^^^^^^^^^\n  File \"C:\\Users\\ASUS\\AppData\\Local\\Programs\\Python\\Python313\\Lib\\site-packages\\allure_commons\\_allure.py\", line 192, in impl\n    return func(*a, **kw)\n  File \"C:\\Users\\ASUS\\Desktop\\Учеба\\SkyPro\\Домашняя работа\\Курс 5\\kurs5\\kurs5\\lesson_10\\pages\\form_page.py\", line 43, in get_validation_state\n    element = self.find_element(locator)\n  File \"C:\\Users\\ASUS\\AppData\\Local\\Programs\\Python\\Python313\\Lib\\site-packages\\allure_commons\\_allure.py\", line 192, in impl\n    return func(*a, **kw)\n  File \"C:\\Users\\ASUS\\Desktop\\Учеба\\SkyPro\\Домашняя работа\\Курс 5\\kurs5\\kurs5\\lesson_10\\pages\\base_page.py\", line 39, in find_element\n    return WebDriverWait(self.driver, timeout).until(\n           ~~~~~~~~~~~~~~~~~~~~~~~~~~~~~~~~~~~~~~~~~^\n        EC.presence_of_element_located(locator),\n        ^^^^^^^^^^^^^^^^^^^^^^^^^^^^^^^^^^^^^^^^\n        message=f\"Элемент {locator} не найден\"\n        ^^^^^^^^^^^^^^^^^^^^^^^^^^^^^^^^^^^^^^\n    )\n    ^\n  File \"C:\\Users\\ASUS\\AppData\\Local\\Programs\\Python\\Python313\\Lib\\site-packages\\selenium\\webdriver\\support\\wait.py\", line 146, in until\n    raise TimeoutException(message, screen, stacktrace)\n"}, "steps": [{"name": "Проверить валидацию поля 'zip-code'", "status": "broken", "statusDetails": {"message": "selenium.common.exceptions.TimeoutException: Message: Элемент ('name', 'zip-code') не найден\nStacktrace:\n\tGetHandleVerifier [0x00007FF77C324C25+3179557]\n\t(No symbol) [0x00007FF77BF888A0]\n\t(No symbol) [0x00007FF77BE191CA]\n\t(No symbol) [0x00007FF77BE6FA67]\n\t(No symbol) [0x00007FF77BE6FC9C]\n\t(No symbol) [0x00007FF77BEC3627]\n\t(No symbol) [0x00007FF77BE97C6F]\n\t(No symbol) [0x00007FF77BEC02F3]\n\t(No symbol) [0x00007FF77BE97A03]\n\t(No symbol) [0x00007FF77BE606D0]\n\t(No symbol) [0x00007FF77BE61983]\n\tGetHandleVerifier [0x00007FF77C3867CD+3579853]\n\tGetHandleVerifier [0x00007FF77C39D1D2+3672530]\n\tGetHandleVerifier [0x00007FF77C392153+3627347]\n\tGetHandleVerifier [0x00007FF77C0F092A+868650]\n\t(No symbol) [0x00007FF77BF92FFF]\n\t(No symbol) [0x00007FF77BF8F4A4]\n\t(No symbol) [0x00007FF77BF8F646]\n\t(No symbol) [0x00007FF77BF7EAA9]\n\tBaseThreadInitThunk [0x00007FF8970AE8D7+23]\n\tRtlUserThreadStart [0x00007FF89835BF6C+44]\n\n", "trace": "  File \"C:\\Users\\ASUS\\AppData\\Local\\Programs\\Python\\Python313\\Lib\\site-packages\\allure_commons\\_allure.py\", line 192, in impl\n    return func(*a, **kw)\n  File \"C:\\Users\\ASUS\\Desktop\\Учеба\\SkyPro\\Домашняя работа\\Курс 5\\kurs5\\kurs5\\lesson_10\\pages\\form_page.py\", line 43, in get_validation_state\n    element = self.find_element(locator)\n  File \"C:\\Users\\ASUS\\AppData\\Local\\Programs\\Python\\Python313\\Lib\\site-packages\\allure_commons\\_allure.py\", line 192, in impl\n    return func(*a, **kw)\n  File \"C:\\Users\\ASUS\\Desktop\\Учеба\\SkyPro\\Домашняя работа\\Курс 5\\kurs5\\kurs5\\lesson_10\\pages\\base_page.py\", line 39, in find_element\n    return WebDriverWait(self.driver, timeout).until(\n           ~~~~~~~~~~~~~~~~~~~~~~~~~~~~~~~~~~~~~~~~~^\n        EC.presence_of_element_located(locator),\n        ^^^^^^^^^^^^^^^^^^^^^^^^^^^^^^^^^^^^^^^^\n        message=f\"Элемент {locator} не найден\"\n        ^^^^^^^^^^^^^^^^^^^^^^^^^^^^^^^^^^^^^^\n    )\n    ^\n  File \"C:\\Users\\ASUS\\AppData\\Local\\Programs\\Python\\Python313\\Lib\\site-packages\\selenium\\webdriver\\support\\wait.py\", line 146, in until\n    raise TimeoutException(message, screen, stacktrace)\n"}, "steps": [{"name": "Найти элемент ('name', 'zip-code')", "status": "broken", "statusDetails": {"message": "selenium.common.exceptions.TimeoutException: Message: Элемент ('name', 'zip-code') не найден\nStacktrace:\n\tGetHandleVerifier [0x00007FF77C324C25+3179557]\n\t(No symbol) [0x00007FF77BF888A0]\n\t(No symbol) [0x00007FF77BE191CA]\n\t(No symbol) [0x00007FF77BE6FA67]\n\t(No symbol) [0x00007FF77BE6FC9C]\n\t(No symbol) [0x00007FF77BEC3627]\n\t(No symbol) [0x00007FF77BE97C6F]\n\t(No symbol) [0x00007FF77BEC02F3]\n\t(No symbol) [0x00007FF77BE97A03]\n\t(No symbol) [0x00007FF77BE606D0]\n\t(No symbol) [0x00007FF77BE61983]\n\tGetHandleVerifier [0x00007FF77C3867CD+3579853]\n\tGetHandleVerifier [0x00007FF77C39D1D2+3672530]\n\tGetHandleVerifier [0x00007FF77C392153+3627347]\n\tGetHandleVerifier [0x00007FF77C0F092A+868650]\n\t(No symbol) [0x00007FF77BF92FFF]\n\t(No symbol) [0x00007FF77BF8F4A4]\n\t(No symbol) [0x00007FF77BF8F646]\n\t(No symbol) [0x00007FF77BF7EAA9]\n\tBaseThreadInitThunk [0x00007FF8970AE8D7+23]\n\tRtlUserThreadStart [0x00007FF89835BF6C+44]\n\n", "trace": "  File \"C:\\Users\\ASUS\\AppData\\Local\\Programs\\Python\\Python313\\Lib\\site-packages\\allure_commons\\_allure.py\", line 192, in impl\n    return func(*a, **kw)\n  File \"C:\\Users\\ASUS\\Desktop\\Учеба\\SkyPro\\Домашняя работа\\Курс 5\\kurs5\\kurs5\\lesson_10\\pages\\base_page.py\", line 39, in find_element\n    return WebDriverWait(self.driver, timeout).until(\n           ~~~~~~~~~~~~~~~~~~~~~~~~~~~~~~~~~~~~~~~~~^\n        EC.presence_of_element_located(locator),\n        ^^^^^^^^^^^^^^^^^^^^^^^^^^^^^^^^^^^^^^^^\n        message=f\"Элемент {locator} не найден\"\n        ^^^^^^^^^^^^^^^^^^^^^^^^^^^^^^^^^^^^^^\n    )\n    ^\n  File \"C:\\Users\\ASUS\\AppData\\Local\\Programs\\Python\\Python313\\Lib\\site-packages\\selenium\\webdriver\\support\\wait.py\", line 146, in until\n    raise TimeoutException(message, screen, stacktrace)\n"}, "parameters": [{"name": "locator", "value": "('name', 'zip-code')"}, {"name": "timeout", "value": "10"}], "start": 1742852356005, "stop": 1742852366357}], "parameters": [{"name": "field_name", "value": "'zip-code'"}], "start": 1742852356005, "stop": 1742852366361}], "start": 1742852356004, "stop": 1742852366361}, {"name": "Сделать скриншот при ошибке", "status": "passed", "attachments": [{"name": "screenshot", "source": "2c0b4cb8-4b32-4cb6-8391-483909613772-attachment.png", "type": "image/png"}], "start": 1742852370489, "stop": 1742852370542}], "attachments": [{"name": "log", "source": "74d37ef0-fe4b-4bcb-a437-dd32bd8822b9-attachment.txt", "type": "text/plain"}], "start": 1742852355013, "stop": 1742852366362, "uuid": "40ac134d-1919-45ef-80d8-058c6102f6ce", "historyId": "e53493f0b4a3e198f85224b8b6e51147", "testCaseId": "e53493f0b4a3e198f85224b8b6e51147", "fullName": "tests.test_form.TestFormValidation#test_form_validation", "labels": [{"name": "severity", "value": "normal"}, {"name": "feature", "value": "Тестирование формы"}, {"name": "parentSuite", "value": "tests"}, {"name": "suite", "value": "test_form"}, {"name": "subSuite", "value": "TestFormValidation"}, {"name": "host", "value": "DESKTOP-QEBLV6A"}, {"name": "thread", "value": "12000-MainThread"}, {"name": "framework", "value": "pytest"}, {"name": "language", "value": "cpython3"}, {"name": "package", "value": "tests.test_form"}]}