{"name": "Проверка валидации полей формы", "status": "broken", "statusDetails": {"message": "selenium.common.exceptions.TimeoutException: Message: \nStacktrace:\n\tGetHandleVerifier [0x00007FF77C324C25+3179557]\n\t(No symbol) [0x00007FF77BF888A0]\n\t(No symbol) [0x00007FF77BE191CA]\n\t(No symbol) [0x00007FF77BE6FA67]\n\t(No symbol) [0x00007FF77BE6FC9C]\n\t(No symbol) [0x00007FF77BEC3627]\n\t(No symbol) [0x00007FF77BE97C6F]\n\t(No symbol) [0x00007FF77BEC02F3]\n\t(No symbol) [0x00007FF77BE97A03]\n\t(No symbol) [0x00007FF77BE606D0]\n\t(No symbol) [0x00007FF77BE61983]\n\tGetHandleVerifier [0x00007FF77C3867CD+3579853]\n\tGetHandleVerifier [0x00007FF77C39D1D2+3672530]\n\tGetHandleVerifier [0x00007FF77C392153+3627347]\n\tGetHandleVerifier [0x00007FF77C0F092A+868650]\n\t(No symbol) [0x00007FF77BF92FFF]\n\t(No symbol) [0x00007FF77BF8F4A4]\n\t(No symbol) [0x00007FF77BF8F646]\n\t(No symbol) [0x00007FF77BF7EAA9]\n\tBaseThreadInitThunk [0x00007FF8970AE8D7+23]\n\tRtlUserThreadStart [0x00007FF89835BF6C+44]", "trace": "lesson_10\\tests\\test_form.py:37: in test_form_validation\n    assert form.get_validation_state(\"first-name\") == \"valid\", \"Имя должно быть валидным\"\nlesson_10\\pages\\form_page.py:33: in get_validation_state\n    element = self.wait.until(\nC:\\Users\\ASUS\\AppData\\Local\\Programs\\Python\\Python313\\Lib\\site-packages\\selenium\\webdriver\\support\\wait.py:146: in until\n    raise TimeoutException(message, screen, stacktrace)\nE   selenium.common.exceptions.TimeoutException: Message: \nE   Stacktrace:\nE   \tGetHandleVerifier [0x00007FF77C324C25+3179557]\nE   \t(No symbol) [0x00007FF77BF888A0]\nE   \t(No symbol) [0x00007FF77BE191CA]\nE   \t(No symbol) [0x00007FF77BE6FA67]\nE   \t(No symbol) [0x00007FF77BE6FC9C]\nE   \t(No symbol) [0x00007FF77BEC3627]\nE   \t(No symbol) [0x00007FF77BE97C6F]\nE   \t(No symbol) [0x00007FF77BEC02F3]\nE   \t(No symbol) [0x00007FF77BE97A03]\nE   \t(No symbol) [0x00007FF77BE606D0]\nE   \t(No symbol) [0x00007FF77BE61983]\nE   \tGetHandleVerifier [0x00007FF77C3867CD+3579853]\nE   \tGetHandleVerifier [0x00007FF77C39D1D2+3672530]\nE   \tGetHandleVerifier [0x00007FF77C392153+3627347]\nE   \tGetHandleVerifier [0x00007FF77C0F092A+868650]\nE   \t(No symbol) [0x00007FF77BF92FFF]\nE   \t(No symbol) [0x00007FF77BF8F4A4]\nE   \t(No symbol) [0x00007FF77BF8F646]\nE   \t(No symbol) [0x00007FF77BF7EAA9]\nE   \tBaseThreadInitThunk [0x00007FF8970AE8D7+23]\nE   \tRtlUserThreadStart [0x00007FF89835BF6C+44]"}, "description": "Тестирование валидации формы", "steps": [{"name": "Открытие формы с тестовыми данными", "status": "passed", "steps": [{"name": "Открыть страницу с параметрами", "status": "passed", "parameters": [{"name": "form_data", "value": "{'first-name': 'Иван', 'last-name': 'Петров', 'address': 'ул. Ленина, 10', 'e-mail': 'test@example.com', 'phone': '+79991234567', 'zip-code': None, 'city': None, 'country': None}"}], "start": 1742854576078, "stop": 1742854576397}], "start": 1742854576078, "stop": 1742854576397}, {"name": "Проверка валидации полей", "status": "broken", "statusDetails": {"message": "selenium.common.exceptions.TimeoutException: Message: \nStacktrace:\n\tGetHandleVerifier [0x00007FF77C324C25+3179557]\n\t(No symbol) [0x00007FF77BF888A0]\n\t(No symbol) [0x00007FF77BE191CA]\n\t(No symbol) [0x00007FF77BE6FA67]\n\t(No symbol) [0x00007FF77BE6FC9C]\n\t(No symbol) [0x00007FF77BEC3627]\n\t(No symbol) [0x00007FF77BE97C6F]\n\t(No symbol) [0x00007FF77BEC02F3]\n\t(No symbol) [0x00007FF77BE97A03]\n\t(No symbol) [0x00007FF77BE606D0]\n\t(No symbol) [0x00007FF77BE61983]\n\tGetHandleVerifier [0x00007FF77C3867CD+3579853]\n\tGetHandleVerifier [0x00007FF77C39D1D2+3672530]\n\tGetHandleVerifier [0x00007FF77C392153+3627347]\n\tGetHandleVerifier [0x00007FF77C0F092A+868650]\n\t(No symbol) [0x00007FF77BF92FFF]\n\t(No symbol) [0x00007FF77BF8F4A4]\n\t(No symbol) [0x00007FF77BF8F646]\n\t(No symbol) [0x00007FF77BF7EAA9]\n\tBaseThreadInitThunk [0x00007FF8970AE8D7+23]\n\tRtlUserThreadStart [0x00007FF89835BF6C+44]\n\n", "trace": "  File \"C:\\Users\\ASUS\\Desktop\\Учеба\\SkyPro\\Домашняя работа\\Курс 5\\kurs5\\kurs5\\lesson_10\\tests\\test_form.py\", line 37, in test_form_validation\n    assert form.get_validation_state(\"first-name\") == \"valid\", \"Имя должно быть валидным\"\n           ~~~~~~~~~~~~~~~~~~~~~~~~~^^^^^^^^^^^^^^\n  File \"C:\\Users\\ASUS\\AppData\\Local\\Programs\\Python\\Python313\\Lib\\site-packages\\allure_commons\\_allure.py\", line 192, in impl\n    return func(*a, **kw)\n  File \"C:\\Users\\ASUS\\Desktop\\Учеба\\SkyPro\\Домашняя работа\\Курс 5\\kurs5\\kurs5\\lesson_10\\pages\\form_page.py\", line 33, in get_validation_state\n    element = self.wait.until(\n        EC.presence_of_element_located((By.ID, field_name))\n    )\n  File \"C:\\Users\\ASUS\\AppData\\Local\\Programs\\Python\\Python313\\Lib\\site-packages\\selenium\\webdriver\\support\\wait.py\", line 146, in until\n    raise TimeoutException(message, screen, stacktrace)\n"}, "steps": [{"name": "Проверить валидацию поля 'first-name'", "status": "broken", "statusDetails": {"message": "selenium.common.exceptions.TimeoutException: Message: \nStacktrace:\n\tGetHandleVerifier [0x00007FF77C324C25+3179557]\n\t(No symbol) [0x00007FF77BF888A0]\n\t(No symbol) [0x00007FF77BE191CA]\n\t(No symbol) [0x00007FF77BE6FA67]\n\t(No symbol) [0x00007FF77BE6FC9C]\n\t(No symbol) [0x00007FF77BEC3627]\n\t(No symbol) [0x00007FF77BE97C6F]\n\t(No symbol) [0x00007FF77BEC02F3]\n\t(No symbol) [0x00007FF77BE97A03]\n\t(No symbol) [0x00007FF77BE606D0]\n\t(No symbol) [0x00007FF77BE61983]\n\tGetHandleVerifier [0x00007FF77C3867CD+3579853]\n\tGetHandleVerifier [0x00007FF77C39D1D2+3672530]\n\tGetHandleVerifier [0x00007FF77C392153+3627347]\n\tGetHandleVerifier [0x00007FF77C0F092A+868650]\n\t(No symbol) [0x00007FF77BF92FFF]\n\t(No symbol) [0x00007FF77BF8F4A4]\n\t(No symbol) [0x00007FF77BF8F646]\n\t(No symbol) [0x00007FF77BF7EAA9]\n\tBaseThreadInitThunk [0x00007FF8970AE8D7+23]\n\tRtlUserThreadStart [0x00007FF89835BF6C+44]\n\n", "trace": "  File \"C:\\Users\\ASUS\\AppData\\Local\\Programs\\Python\\Python313\\Lib\\site-packages\\allure_commons\\_allure.py\", line 192, in impl\n    return func(*a, **kw)\n  File \"C:\\Users\\ASUS\\Desktop\\Учеба\\SkyPro\\Домашняя работа\\Курс 5\\kurs5\\kurs5\\lesson_10\\pages\\form_page.py\", line 33, in get_validation_state\n    element = self.wait.until(\n        EC.presence_of_element_located((By.ID, field_name))\n    )\n  File \"C:\\Users\\ASUS\\AppData\\Local\\Programs\\Python\\Python313\\Lib\\site-packages\\selenium\\webdriver\\support\\wait.py\", line 146, in until\n    raise TimeoutException(message, screen, stacktrace)\n"}, "parameters": [{"name": "field_name", "value": "'first-name'"}], "start": 1742854576397, "stop": 1742854586700}], "start": 1742854576397, "stop": 1742854586701}, {"name": "Сделать скриншот при ошибке", "status": "passed", "attachments": [{"name": "screenshot", "source": "da3507a9-25a7-4ac5-998a-32358bc4ad84-attachment.png", "type": "image/png"}], "start": 1742854586737, "stop": 1742854586793}], "attachments": [{"name": "log", "source": "76f92024-a22f-4995-8ba6-12e3b447dd40-attachment.txt", "type": "text/plain"}], "start": 1742854576078, "stop": 1742854586702, "uuid": "cdb61d40-0763-454f-9c25-786198ac801e", "historyId": "e53493f0b4a3e198f85224b8b6e51147", "testCaseId": "e53493f0b4a3e198f85224b8b6e51147", "fullName": "tests.test_form.TestFormValidation#test_form_validation", "labels": [{"name": "feature", "value": "Тестирование формы"}, {"name": "severity", "value": "normal"}, {"name": "parentSuite", "value": "tests"}, {"name": "suite", "value": "test_form"}, {"name": "subSuite", "value": "TestFormValidation"}, {"name": "host", "value": "DESKTOP-QEBLV6A"}, {"name": "thread", "value": "6156-MainThread"}, {"name": "framework", "value": "pytest"}, {"name": "language", "value": "cpython3"}, {"name": "package", "value": "tests.test_form"}]}