{"name": "Проверка валидации обязательных полей", "status": "broken", "statusDetails": {"message": "selenium.common.exceptions.TimeoutException: Message: Элемент ('id', 'first-name') не найден\nStacktrace:\n\tGetHandleVerifier [0x00007FF77C324C25+3179557]\n\t(No symbol) [0x00007FF77BF888A0]\n\t(No symbol) [0x00007FF77BE191CA]\n\t(No symbol) [0x00007FF77BE6FA67]\n\t(No symbol) [0x00007FF77BE6FC9C]\n\t(No symbol) [0x00007FF77BEC3627]\n\t(No symbol) [0x00007FF77BE97C6F]\n\t(No symbol) [0x00007FF77BEC02F3]\n\t(No symbol) [0x00007FF77BE97A03]\n\t(No symbol) [0x00007FF77BE606D0]\n\t(No symbol) [0x00007FF77BE61983]\n\tGetHandleVerifier [0x00007FF77C3867CD+3579853]\n\tGetHandleVerifier [0x00007FF77C39D1D2+3672530]\n\tGetHandleVerifier [0x00007FF77C392153+3627347]\n\tGetHandleVerifier [0x00007FF77C0F092A+868650]\n\t(No symbol) [0x00007FF77BF92FFF]\n\t(No symbol) [0x00007FF77BF8F4A4]\n\t(No symbol) [0x00007FF77BF8F646]\n\t(No symbol) [0x00007FF77BF7EAA9]\n\tBaseThreadInitThunk [0x00007FF8970AE8D7+23]\n\tRtlUserThreadStart [0x00007FF89835BF6C+44]", "trace": "lesson_10\\tests\\test_form.py:26: in test_form_validation\n    form._enter_text(\"first-name\", \"Иван\")\nlesson_10\\pages\\form_page.py:33: in _enter_text\n    element = self.find_element((By.ID, field_name))  # Изменено с NAME на ID\nlesson_10\\pages\\base_page.py:21: in find_element\n    return self.wait.until(\nC:\\Users\\ASUS\\AppData\\Local\\Programs\\Python\\Python313\\Lib\\site-packages\\selenium\\webdriver\\support\\wait.py:146: in until\n    raise TimeoutException(message, screen, stacktrace)\nE   selenium.common.exceptions.TimeoutException: Message: Элемент ('id', 'first-name') не найден\nE   Stacktrace:\nE   \tGetHandleVerifier [0x00007FF77C324C25+3179557]\nE   \t(No symbol) [0x00007FF77BF888A0]\nE   \t(No symbol) [0x00007FF77BE191CA]\nE   \t(No symbol) [0x00007FF77BE6FA67]\nE   \t(No symbol) [0x00007FF77BE6FC9C]\nE   \t(No symbol) [0x00007FF77BEC3627]\nE   \t(No symbol) [0x00007FF77BE97C6F]\nE   \t(No symbol) [0x00007FF77BEC02F3]\nE   \t(No symbol) [0x00007FF77BE97A03]\nE   \t(No symbol) [0x00007FF77BE606D0]\nE   \t(No symbol) [0x00007FF77BE61983]\nE   \tGetHandleVerifier [0x00007FF77C3867CD+3579853]\nE   \tGetHandleVerifier [0x00007FF77C39D1D2+3672530]\nE   \tGetHandleVerifier [0x00007FF77C392153+3627347]\nE   \tGetHandleVerifier [0x00007FF77C0F092A+868650]\nE   \t(No symbol) [0x00007FF77BF92FFF]\nE   \t(No symbol) [0x00007FF77BF8F4A4]\nE   \t(No symbol) [0x00007FF77BF8F646]\nE   \t(No symbol) [0x00007FF77BF7EAA9]\nE   \tBaseThreadInitThunk [0x00007FF8970AE8D7+23]\nE   \tRtlUserThreadStart [0x00007FF89835BF6C+44]"}, "description": "Тест проверяет подсветку невалидных полей формы", "steps": [{"name": "Открыть и заполнить форму (кроме ZIP-кода)", "status": "broken", "statusDetails": {"message": "selenium.common.exceptions.TimeoutException: Message: Элемент ('id', 'first-name') не найден\nStacktrace:\n\tGetHandleVerifier [0x00007FF77C324C25+3179557]\n\t(No symbol) [0x00007FF77BF888A0]\n\t(No symbol) [0x00007FF77BE191CA]\n\t(No symbol) [0x00007FF77BE6FA67]\n\t(No symbol) [0x00007FF77BE6FC9C]\n\t(No symbol) [0x00007FF77BEC3627]\n\t(No symbol) [0x00007FF77BE97C6F]\n\t(No symbol) [0x00007FF77BEC02F3]\n\t(No symbol) [0x00007FF77BE97A03]\n\t(No symbol) [0x00007FF77BE606D0]\n\t(No symbol) [0x00007FF77BE61983]\n\tGetHandleVerifier [0x00007FF77C3867CD+3579853]\n\tGetHandleVerifier [0x00007FF77C39D1D2+3672530]\n\tGetHandleVerifier [0x00007FF77C392153+3627347]\n\tGetHandleVerifier [0x00007FF77C0F092A+868650]\n\t(No symbol) [0x00007FF77BF92FFF]\n\t(No symbol) [0x00007FF77BF8F4A4]\n\t(No symbol) [0x00007FF77BF8F646]\n\t(No symbol) [0x00007FF77BF7EAA9]\n\tBaseThreadInitThunk [0x00007FF8970AE8D7+23]\n\tRtlUserThreadStart [0x00007FF89835BF6C+44]\n\n", "trace": "  File \"C:\\Users\\ASUS\\Desktop\\Учеба\\SkyPro\\Домашняя работа\\Курс 5\\kurs5\\kurs5\\lesson_10\\tests\\test_form.py\", line 26, in test_form_validation\n    form._enter_text(\"first-name\", \"Иван\")\n    ~~~~~~~~~~~~~~~~^^^^^^^^^^^^^^^^^^^^^^\n  File \"C:\\Users\\ASUS\\AppData\\Local\\Programs\\Python\\Python313\\Lib\\site-packages\\allure_commons\\_allure.py\", line 192, in impl\n    return func(*a, **kw)\n  File \"C:\\Users\\ASUS\\Desktop\\Учеба\\SkyPro\\Домашняя работа\\Курс 5\\kurs5\\kurs5\\lesson_10\\pages\\form_page.py\", line 33, in _enter_text\n    element = self.find_element((By.ID, field_name))  # Изменено с NAME на ID\n  File \"C:\\Users\\ASUS\\AppData\\Local\\Programs\\Python\\Python313\\Lib\\site-packages\\allure_commons\\_allure.py\", line 192, in impl\n    return func(*a, **kw)\n  File \"C:\\Users\\ASUS\\Desktop\\Учеба\\SkyPro\\Домашняя работа\\Курс 5\\kurs5\\kurs5\\lesson_10\\pages\\base_page.py\", line 21, in find_element\n    return self.wait.until(\n           ~~~~~~~~~~~~~~~^\n        EC.presence_of_element_located(locator),\n        ^^^^^^^^^^^^^^^^^^^^^^^^^^^^^^^^^^^^^^^^\n        message=f\"Элемент {locator} не найден\"\n        ^^^^^^^^^^^^^^^^^^^^^^^^^^^^^^^^^^^^^^\n    )\n    ^\n  File \"C:\\Users\\ASUS\\AppData\\Local\\Programs\\Python\\Python313\\Lib\\site-packages\\selenium\\webdriver\\support\\wait.py\", line 146, in until\n    raise TimeoutException(message, screen, stacktrace)\n"}, "steps": [{"name": "Открыть страницу", "status": "passed", "start": 1742855902368, "stop": 1742855902700}, {"name": "Ввести текст в поле 'first-name'", "status": "broken", "statusDetails": {"message": "selenium.common.exceptions.TimeoutException: Message: Элемент ('id', 'first-name') не найден\nStacktrace:\n\tGetHandleVerifier [0x00007FF77C324C25+3179557]\n\t(No symbol) [0x00007FF77BF888A0]\n\t(No symbol) [0x00007FF77BE191CA]\n\t(No symbol) [0x00007FF77BE6FA67]\n\t(No symbol) [0x00007FF77BE6FC9C]\n\t(No symbol) [0x00007FF77BEC3627]\n\t(No symbol) [0x00007FF77BE97C6F]\n\t(No symbol) [0x00007FF77BEC02F3]\n\t(No symbol) [0x00007FF77BE97A03]\n\t(No symbol) [0x00007FF77BE606D0]\n\t(No symbol) [0x00007FF77BE61983]\n\tGetHandleVerifier [0x00007FF77C3867CD+3579853]\n\tGetHandleVerifier [0x00007FF77C39D1D2+3672530]\n\tGetHandleVerifier [0x00007FF77C392153+3627347]\n\tGetHandleVerifier [0x00007FF77C0F092A+868650]\n\t(No symbol) [0x00007FF77BF92FFF]\n\t(No symbol) [0x00007FF77BF8F4A4]\n\t(No symbol) [0x00007FF77BF8F646]\n\t(No symbol) [0x00007FF77BF7EAA9]\n\tBaseThreadInitThunk [0x00007FF8970AE8D7+23]\n\tRtlUserThreadStart [0x00007FF89835BF6C+44]\n\n", "trace": "  File \"C:\\Users\\ASUS\\AppData\\Local\\Programs\\Python\\Python313\\Lib\\site-packages\\allure_commons\\_allure.py\", line 192, in impl\n    return func(*a, **kw)\n  File \"C:\\Users\\ASUS\\Desktop\\Учеба\\SkyPro\\Домашняя работа\\Курс 5\\kurs5\\kurs5\\lesson_10\\pages\\form_page.py\", line 33, in _enter_text\n    element = self.find_element((By.ID, field_name))  # Изменено с NAME на ID\n  File \"C:\\Users\\ASUS\\AppData\\Local\\Programs\\Python\\Python313\\Lib\\site-packages\\allure_commons\\_allure.py\", line 192, in impl\n    return func(*a, **kw)\n  File \"C:\\Users\\ASUS\\Desktop\\Учеба\\SkyPro\\Домашняя работа\\Курс 5\\kurs5\\kurs5\\lesson_10\\pages\\base_page.py\", line 21, in find_element\n    return self.wait.until(\n           ~~~~~~~~~~~~~~~^\n        EC.presence_of_element_located(locator),\n        ^^^^^^^^^^^^^^^^^^^^^^^^^^^^^^^^^^^^^^^^\n        message=f\"Элемент {locator} не найден\"\n        ^^^^^^^^^^^^^^^^^^^^^^^^^^^^^^^^^^^^^^\n    )\n    ^\n  File \"C:\\Users\\ASUS\\AppData\\Local\\Programs\\Python\\Python313\\Lib\\site-packages\\selenium\\webdriver\\support\\wait.py\", line 146, in until\n    raise TimeoutException(message, screen, stacktrace)\n"}, "steps": [{"name": "Найти элемент ('id', 'first-name')", "status": "broken", "statusDetails": {"message": "selenium.common.exceptions.TimeoutException: Message: Элемент ('id', 'first-name') не найден\nStacktrace:\n\tGetHandleVerifier [0x00007FF77C324C25+3179557]\n\t(No symbol) [0x00007FF77BF888A0]\n\t(No symbol) [0x00007FF77BE191CA]\n\t(No symbol) [0x00007FF77BE6FA67]\n\t(No symbol) [0x00007FF77BE6FC9C]\n\t(No symbol) [0x00007FF77BEC3627]\n\t(No symbol) [0x00007FF77BE97C6F]\n\t(No symbol) [0x00007FF77BEC02F3]\n\t(No symbol) [0x00007FF77BE97A03]\n\t(No symbol) [0x00007FF77BE606D0]\n\t(No symbol) [0x00007FF77BE61983]\n\tGetHandleVerifier [0x00007FF77C3867CD+3579853]\n\tGetHandleVerifier [0x00007FF77C39D1D2+3672530]\n\tGetHandleVerifier [0x00007FF77C392153+3627347]\n\tGetHandleVerifier [0x00007FF77C0F092A+868650]\n\t(No symbol) [0x00007FF77BF92FFF]\n\t(No symbol) [0x00007FF77BF8F4A4]\n\t(No symbol) [0x00007FF77BF8F646]\n\t(No symbol) [0x00007FF77BF7EAA9]\n\tBaseThreadInitThunk [0x00007FF8970AE8D7+23]\n\tRtlUserThreadStart [0x00007FF89835BF6C+44]\n\n", "trace": "  File \"C:\\Users\\ASUS\\AppData\\Local\\Programs\\Python\\Python313\\Lib\\site-packages\\allure_commons\\_allure.py\", line 192, in impl\n    return func(*a, **kw)\n  File \"C:\\Users\\ASUS\\Desktop\\Учеба\\SkyPro\\Домашняя работа\\Курс 5\\kurs5\\kurs5\\lesson_10\\pages\\base_page.py\", line 21, in find_element\n    return self.wait.until(\n           ~~~~~~~~~~~~~~~^\n        EC.presence_of_element_located(locator),\n        ^^^^^^^^^^^^^^^^^^^^^^^^^^^^^^^^^^^^^^^^\n        message=f\"Элемент {locator} не найден\"\n        ^^^^^^^^^^^^^^^^^^^^^^^^^^^^^^^^^^^^^^\n    )\n    ^\n  File \"C:\\Users\\ASUS\\AppData\\Local\\Programs\\Python\\Python313\\Lib\\site-packages\\selenium\\webdriver\\support\\wait.py\", line 146, in until\n    raise TimeoutException(message, screen, stacktrace)\n"}, "parameters": [{"name": "locator", "value": "('id', 'first-name')"}, {"name": "timeout", "value": "10"}], "start": 1742855902700, "stop": 1742855913092}], "parameters": [{"name": "field_name", "value": "'first-name'"}, {"name": "text", "value": "'Иван'"}], "start": 1742855902700, "stop": 1742855913093}], "start": 1742855902368, "stop": 1742855913094}, {"name": "Сделать скриншот при ошибке", "status": "passed", "attachments": [{"name": "screenshot", "source": "6e4d278e-bbf1-462e-ab45-20d5e440933f-attachment.png", "type": "image/png"}], "start": 1742855913138, "stop": 1742855913186}], "start": 1742855902368, "stop": 1742855913095, "uuid": "9e0080da-f050-42a0-bcaa-b73d6d20d923", "historyId": "e53493f0b4a3e198f85224b8b6e51147", "testCaseId": "e53493f0b4a3e198f85224b8b6e51147", "fullName": "tests.test_form.TestFormValidation#test_form_validation", "labels": [{"name": "severity", "value": "normal"}, {"name": "feature", "value": "Тестирование формы"}, {"name": "parentSuite", "value": "tests"}, {"name": "suite", "value": "test_form"}, {"name": "subSuite", "value": "TestFormValidation"}, {"name": "host", "value": "DESKTOP-QEBLV6A"}, {"name": "thread", "value": "22432-MainThread"}, {"name": "framework", "value": "pytest"}, {"name": "language", "value": "cpython3"}, {"name": "package", "value": "tests.test_form"}]}